<?xml version="1.0" encoding="UTF-8"?>
<!-- Generated by org.testng.reporters.JUnitReportReporter -->
<testsuite skipped="0" hostname="DESKTOP-0QOI7MR" name="Tests.TestGoogleSearch" tests="4" failures="0" timestamp="23 ماي 2020 23:14:04 GMT" time="5.802" errors="0">
  <testcase name="SeleniumSearch" time="1.969" classname="Tests.TestGoogleSearch"/>
  <testcase name="resultCheck" time="0.058" classname="Tests.TestGoogleSearch"/>
  <testcase name="NavigateToHero" time="3.184" classname="Tests.TestGoogleSearch"/>
  <testcase name="TestFileUpload" time="0.591" classname="Tests.TestGoogleSearch"/>
</testsuite> <!-- Tests.TestGoogleSearch -->
