<?xml version="1.0" encoding="UTF-8"?>
<!-- Generated by org.testng.reporters.JUnitReportReporter -->
<testsuite skipped="0" hostname="DESKTOP-0QOI7MR" name="Tests.TestCases" tests="6" failures="0" timestamp="24 ماي 2020 00:09:07 GMT" time="11.775" errors="0">
  <testcase name="SeleniumSearch" time="2.143" classname="Tests.TestCases"/>
  <testcase name="resultCheck" time="0.049" classname="Tests.TestCases"/>
  <testcase name="NavigateToHero" time="2.550" classname="Tests.TestCases"/>
  <testcase name="TestFileUpload" time="0.609" classname="Tests.TestCases"/>
  <testcase name="NavigateBack" time="0.370" classname="Tests.TestCases"/>
  <testcase name="TestDynamicLoading" time="6.054" classname="Tests.TestCases"/>
</testsuite> <!-- Tests.TestCases -->
